<?xml version="1.0" encoding="UTF-8"?>
<!-- Generated by org.testng.reporters.JUnitReportReporter -->
<testsuite hostname="LAPTOP-7DJ18U3D" failures="0" tests="2" name="SWETA.MAVENSWETA.AppiumTest" time="0.002" errors="0" timestamp="2020-07-02T12:01:20 IST" skipped="0">
  <testcase classname="SWETA.MAVENSWETA.AppiumTest" name="MunuTesting" time="0.001"/>
  <system-out/>
  <testcase classname="SWETA.MAVENSWETA.AppiumTest" name="ElementUI" time="0.001"/>
  <system-out/>
</testsuite> <!-- SWETA.MAVENSWETA.AppiumTest -->
