<?xml version="1.0" encoding="UTF-8"?>
<!-- Generated by org.testng.reporters.JUnitReportReporter -->
<testsuite hostname="LAPTOP-7DJ18U3D" failures="0" tests="2" name="SWETA.MAVENSWETA.RestAPITest" time="0.025" errors="0" timestamp="24 Jul 2020 10:41:51 GMT" skipped="0">
  <testcase classname="SWETA.MAVENSWETA.RestAPITest" name="MobileAutomation" time="0.001"/>
  <testcase classname="SWETA.MAVENSWETA.RestAPITest" name="FacebookAutomation" time="0.024"/>
</testsuite> <!-- SWETA.MAVENSWETA.RestAPITest -->
