<?xml version="1.0" encoding="UTF-8"?>
<!-- Generated by org.testng.reporters.JUnitReportReporter -->
<testsuite hostname="LAPTOP-7DJ18U3D" failures="0" tests="2" name="SWETA.MAVENSWETA.AppiumTest" time="0.001" errors="0" timestamp="24 Jul 2020 10:41:51 GMT" skipped="0">
  <testcase classname="SWETA.MAVENSWETA.AppiumTest" name="MunuTesting" time="0.000"/>
  <testcase classname="SWETA.MAVENSWETA.AppiumTest" name="ElementUI" time="0.001"/>
</testsuite> <!-- SWETA.MAVENSWETA.AppiumTest -->
